2024-09-30 09:05:42,897 INFO o.s.b.StartupInfoLogger [main] Starting Spring21Application using Java 21.0.4 with PID 50014 (/Users/mikesmith/code/personal/spring21/build/classes/java/main started by mikesmith in /Users/mikesmith/code/personal/spring21)
2024-09-30 09:05:42,899 DEBUG o.s.b.StartupInfoLogger [main] Running with Spring Boot v3.2.10, Spring v6.1.13
2024-09-30 09:05:42,899 INFO o.s.b.SpringApplication [main] No active profile set, falling back to 1 default profile: "default"
2024-09-30 09:05:44,542 INFO o.s.b.StartupInfoLogger [main] Started Spring21Application in 1.847 seconds (process running for 2.011)
2024-09-30 09:05:49,554 ERROR o.s.j.l.DefaultMessageListenerContainer [org.springframework.jms.JmsListenerEndpointContainer#0-1] Could not refresh JMS Connection for destination 'store' - retrying using FixedBackOff{interval=5000, currentAttempts=0, maxAttempts=unlimited}. Cause: Could not connect to broker URL: tcp://localhost:61616. Reason: java.net.ConnectException: Connection refused
2024-09-30 09:05:54,568 ERROR o.s.j.l.DefaultMessageListenerContainer [org.springframework.jms.JmsListenerEndpointContainer#0-1] Could not refresh JMS Connection for destination 'store' - retrying using FixedBackOff{interval=5000, currentAttempts=1, maxAttempts=unlimited}. Cause: Could not connect to broker URL: tcp://localhost:61616. Reason: java.net.ConnectException: Connection refused
2024-09-30 09:05:59,597 ERROR o.s.j.l.DefaultMessageListenerContainer [org.springframework.jms.JmsListenerEndpointContainer#0-1] Could not refresh JMS Connection for destination 'store' - retrying using FixedBackOff{interval=5000, currentAttempts=2, maxAttempts=unlimited}. Cause: Could not connect to broker URL: tcp://localhost:61616. Reason: java.net.ConnectException: Connection refused
2024-09-30 09:06:04,606 ERROR o.s.j.l.DefaultMessageListenerContainer [org.springframework.jms.JmsListenerEndpointContainer#0-1] Could not refresh JMS Connection for destination 'store' - retrying using FixedBackOff{interval=5000, currentAttempts=3, maxAttempts=unlimited}. Cause: Could not connect to broker URL: tcp://localhost:61616. Reason: java.net.ConnectException: Connection refused
2024-09-30 09:06:09,615 ERROR o.s.j.l.DefaultMessageListenerContainer [org.springframework.jms.JmsListenerEndpointContainer#0-1] Could not refresh JMS Connection for destination 'store' - retrying using FixedBackOff{interval=5000, currentAttempts=4, maxAttempts=unlimited}. Cause: Could not connect to broker URL: tcp://localhost:61616. Reason: java.net.ConnectException: Connection refused
2024-09-30 09:06:14,621 ERROR o.s.j.l.DefaultMessageListenerContainer [org.springframework.jms.JmsListenerEndpointContainer#0-1] Could not refresh JMS Connection for destination 'store' - retrying using FixedBackOff{interval=5000, currentAttempts=5, maxAttempts=unlimited}. Cause: Could not connect to broker URL: tcp://localhost:61616. Reason: java.net.ConnectException: Connection refused
2024-09-30 09:06:19,630 ERROR o.s.j.l.DefaultMessageListenerContainer [org.springframework.jms.JmsListenerEndpointContainer#0-1] Could not refresh JMS Connection for destination 'store' - retrying using FixedBackOff{interval=5000, currentAttempts=6, maxAttempts=unlimited}. Cause: Could not connect to broker URL: tcp://localhost:61616. Reason: java.net.ConnectException: Connection refused
2024-09-30 09:06:36,555 INFO o.s.b.StartupInfoLogger [Test worker] Starting Spring21ApplicationTests using Java 21.0.4 with PID 50154 (started by mikesmith in /Users/mikesmith/code/personal/spring21)
2024-09-30 09:06:36,556 DEBUG o.s.b.StartupInfoLogger [Test worker] Running with Spring Boot v3.2.10, Spring v6.1.13
2024-09-30 09:06:36,556 INFO o.s.b.SpringApplication [Test worker] No active profile set, falling back to 1 default profile: "default"
2024-09-30 09:06:37,670 INFO o.s.b.StartupInfoLogger [Test worker] Started Spring21ApplicationTests in 1.26 seconds (process running for 1.806)
2024-09-30 09:06:44,866 INFO o.s.b.StartupInfoLogger [main] Starting Spring21Application using Java 21.0.4 with PID 50192 (/Users/mikesmith/code/personal/spring21/build/classes/java/main started by mikesmith in /Users/mikesmith/code/personal/spring21)
2024-09-30 09:06:44,867 DEBUG o.s.b.StartupInfoLogger [main] Running with Spring Boot v3.2.10, Spring v6.1.13
2024-09-30 09:06:44,867 INFO o.s.b.SpringApplication [main] No active profile set, falling back to 1 default profile: "default"
2024-09-30 09:10:28,653 ERROR o.s.b.SpringApplication [main] Application run failed
org.springframework.boot.docker.compose.lifecycle.ReadinessTimeoutException: Readiness timeout of PT2M reached while waiting for services [spring21-activemq-1]
	at org.springframework.boot.docker.compose.lifecycle.ServiceReadinessChecks.waitUntilReady(ServiceReadinessChecks.java:83)
	at org.springframework.boot.docker.compose.lifecycle.DockerComposeLifecycleManager.start(DockerComposeLifecycleManager.java:139)
	at org.springframework.boot.docker.compose.lifecycle.DockerComposeListener.onApplicationEvent(DockerComposeListener.java:53)
	at org.springframework.boot.docker.compose.lifecycle.DockerComposeListener.onApplicationEvent(DockerComposeListener.java:35)
	at org.springframework.context.event.SimpleApplicationEventMulticaster.doInvokeListener(SimpleApplicationEventMulticaster.java:185)
	at org.springframework.context.event.SimpleApplicationEventMulticaster.invokeListener(SimpleApplicationEventMulticaster.java:178)
	at org.springframework.context.event.SimpleApplicationEventMulticaster.multicastEvent(SimpleApplicationEventMulticaster.java:156)
	at org.springframework.context.event.SimpleApplicationEventMulticaster.multicastEvent(SimpleApplicationEventMulticaster.java:138)
	at org.springframework.boot.context.event.EventPublishingRunListener.multicastInitialEvent(EventPublishingRunListener.java:136)
	at org.springframework.boot.context.event.EventPublishingRunListener.contextLoaded(EventPublishingRunListener.java:98)
	at org.springframework.boot.SpringApplicationRunListeners.lambda$contextLoaded$4(SpringApplicationRunListeners.java:72)
	at java.base/java.lang.Iterable.forEach(Iterable.java:75)
	at org.springframework.boot.SpringApplicationRunListeners.doWithListeners(SpringApplicationRunListeners.java:118)
	at org.springframework.boot.SpringApplicationRunListeners.doWithListeners(SpringApplicationRunListeners.java:112)
	at org.springframework.boot.SpringApplicationRunListeners.contextLoaded(SpringApplicationRunListeners.java:72)
	at org.springframework.boot.SpringApplication.prepareContext(SpringApplication.java:433)
	at org.springframework.boot.SpringApplication.run(SpringApplication.java:334)
	at org.springframework.boot.SpringApplication.run(SpringApplication.java:1363)
	at org.springframework.boot.SpringApplication.run(SpringApplication.java:1352)
	at com.example.Spring21Application.main(Spring21Application.java:12)
	Suppressed: org.springframework.boot.docker.compose.lifecycle.ServiceNotReadyException: Immediate disconnect while connecting to port 8161
		at org.springframework.boot.docker.compose.lifecycle.TcpConnectServiceReadinessCheck.check(TcpConnectServiceReadinessCheck.java:71)
		at org.springframework.boot.docker.compose.lifecycle.TcpConnectServiceReadinessCheck.check(TcpConnectServiceReadinessCheck.java:58)
		at org.springframework.boot.docker.compose.lifecycle.TcpConnectServiceReadinessCheck.check(TcpConnectServiceReadinessCheck.java:48)
		at org.springframework.boot.docker.compose.lifecycle.ServiceReadinessChecks.check(ServiceReadinessChecks.java:97)
		at org.springframework.boot.docker.compose.lifecycle.ServiceReadinessChecks.waitUntilReady(ServiceReadinessChecks.java:77)
		... 19 common frames omitted
2024-09-30 09:10:43,701 INFO o.s.b.StartupInfoLogger [main] Starting Spring21Application using Java 21.0.4 with PID 50748 (/Users/mikesmith/code/personal/spring21/build/classes/java/main started by mikesmith in /Users/mikesmith/code/personal/spring21)
2024-09-30 09:10:43,702 DEBUG o.s.b.StartupInfoLogger [main] Running with Spring Boot v3.2.10, Spring v6.1.13
2024-09-30 09:10:43,702 INFO o.s.b.SpringApplication [main] No active profile set, falling back to 1 default profile: "default"
2024-09-30 09:11:01,104 INFO o.s.b.StartupInfoLogger [main] Started Spring21Application in 17.607 seconds (process running for 17.776)
2024-09-30 09:12:27,100 INFO c.e.ActiveMQController [http-nio-8080-exec-2] Adding a message
2024-09-30 09:12:27,229 INFO c.e.j.MikeMessageProducer [http-nio-8080-exec-2] Producer> Message Sent : {"name":"John"}
2024-09-30 09:12:27,233 INFO c.e.j.MikeMessageConsumer [org.springframework.jms.JmsListenerEndpointContainer#0-1] Consumer> : MikeMessage[name=miketest]
2024-09-30 09:12:42,587 WARN o.s.j.l.AbstractMessageListenerContainer [org.springframework.jms.JmsListenerEndpointContainer#0-1] Execution of JMS message listener failed, and no ErrorHandler has been set.
org.springframework.jms.listener.adapter.ListenerExecutionFailedException: Listener method 'public void com.example.jms.MikeMessageConsumer.processMessage(java.lang.String)' threw exception
	at org.springframework.jms.listener.adapter.MessagingMessageListenerAdapter.invokeHandler(MessagingMessageListenerAdapter.java:118)
	at org.springframework.jms.listener.adapter.MessagingMessageListenerAdapter.onMessage(MessagingMessageListenerAdapter.java:84)
	at org.springframework.jms.listener.AbstractMessageListenerContainer.doInvokeListener(AbstractMessageListenerContainer.java:787)
	at org.springframework.jms.listener.AbstractMessageListenerContainer.invokeListener(AbstractMessageListenerContainer.java:742)
	at org.springframework.jms.listener.AbstractMessageListenerContainer.doExecuteListener(AbstractMessageListenerContainer.java:720)
	at org.springframework.jms.listener.AbstractPollingMessageListenerContainer.doReceiveAndExecute(AbstractPollingMessageListenerContainer.java:333)
	at org.springframework.jms.listener.AbstractPollingMessageListenerContainer.receiveAndExecute(AbstractPollingMessageListenerContainer.java:270)
	at org.springframework.jms.listener.DefaultMessageListenerContainer$AsyncMessageListenerInvoker.invokeListener(DefaultMessageListenerContainer.java:1257)
	at org.springframework.jms.listener.DefaultMessageListenerContainer$AsyncMessageListenerInvoker.executeOngoingLoop(DefaultMessageListenerContainer.java:1247)
	at org.springframework.jms.listener.DefaultMessageListenerContainer$AsyncMessageListenerInvoker.run(DefaultMessageListenerContainer.java:1140)
	at java.base/java.lang.Thread.run(Thread.java:1583)
Caused by: org.springframework.jms.support.converter.MessageConversionException: Could not find type id property [_type] on message [ID:ceb4a22c8c09-45127-1727683851098-4:1:1:1:1] from destination [queue://store]
	at org.springframework.jms.support.converter.MappingJackson2MessageConverter.getJavaTypeForMessage(MappingJackson2MessageConverter.java:460)
	at org.springframework.jms.support.converter.MappingJackson2MessageConverter.fromMessage(MappingJackson2MessageConverter.java:241)
	at org.springframework.jms.listener.adapter.AbstractAdaptableMessageListener.extractMessage(AbstractAdaptableMessageListener.java:250)
	at org.springframework.jms.listener.adapter.AbstractAdaptableMessageListener$MessagingMessageConverterAdapter.extractPayload(AbstractAdaptableMessageListener.java:472)
	at org.springframework.jms.listener.adapter.AbstractAdaptableMessageListener$MessagingMessageConverterAdapter$LazyResolutionMessage.unwrapPayload(AbstractAdaptableMessageListener.java:539)
	at org.springframework.jms.listener.adapter.AbstractAdaptableMessageListener$MessagingMessageConverterAdapter$LazyResolutionMessage.getPayload(AbstractAdaptableMessageListener.java:521)
	at org.springframework.messaging.handler.annotation.support.PayloadMethodArgumentResolver.resolveArgument(PayloadMethodArgumentResolver.java:122)
	at org.springframework.messaging.handler.invocation.HandlerMethodArgumentResolverComposite.resolveArgument(HandlerMethodArgumentResolverComposite.java:118)
	at org.springframework.messaging.handler.invocation.InvocableHandlerMethod.getMethodArgumentValues(InvocableHandlerMethod.java:147)
	at org.springframework.messaging.handler.invocation.InvocableHandlerMethod.invoke(InvocableHandlerMethod.java:115)
	at org.springframework.jms.listener.adapter.MessagingMessageListenerAdapter.invokeHandler(MessagingMessageListenerAdapter.java:110)
	... 10 common frames omitted
2024-09-30 09:12:43,621 WARN o.s.j.l.AbstractMessageListenerContainer [org.springframework.jms.JmsListenerEndpointContainer#0-1] Execution of JMS message listener failed, and no ErrorHandler has been set.
org.springframework.jms.listener.adapter.ListenerExecutionFailedException: Listener method 'public void com.example.jms.MikeMessageConsumer.processMessage(java.lang.String)' threw exception
	at org.springframework.jms.listener.adapter.MessagingMessageListenerAdapter.invokeHandler(MessagingMessageListenerAdapter.java:118)
	at org.springframework.jms.listener.adapter.MessagingMessageListenerAdapter.onMessage(MessagingMessageListenerAdapter.java:84)
	at org.springframework.jms.listener.AbstractMessageListenerContainer.doInvokeListener(AbstractMessageListenerContainer.java:787)
	at org.springframework.jms.listener.AbstractMessageListenerContainer.invokeListener(AbstractMessageListenerContainer.java:742)
	at org.springframework.jms.listener.AbstractMessageListenerContainer.doExecuteListener(AbstractMessageListenerContainer.java:720)
	at org.springframework.jms.listener.AbstractPollingMessageListenerContainer.doReceiveAndExecute(AbstractPollingMessageListenerContainer.java:333)
	at org.springframework.jms.listener.AbstractPollingMessageListenerContainer.receiveAndExecute(AbstractPollingMessageListenerContainer.java:270)
	at org.springframework.jms.listener.DefaultMessageListenerContainer$AsyncMessageListenerInvoker.invokeListener(DefaultMessageListenerContainer.java:1257)
	at org.springframework.jms.listener.DefaultMessageListenerContainer$AsyncMessageListenerInvoker.executeOngoingLoop(DefaultMessageListenerContainer.java:1247)
	at org.springframework.jms.listener.DefaultMessageListenerContainer$AsyncMessageListenerInvoker.run(DefaultMessageListenerContainer.java:1140)
	at java.base/java.lang.Thread.run(Thread.java:1583)
Caused by: org.springframework.jms.support.converter.MessageConversionException: Could not find type id property [_type] on message [ID:ceb4a22c8c09-45127-1727683851098-4:1:1:1:1] from destination [queue://store]
	at org.springframework.jms.support.converter.MappingJackson2MessageConverter.getJavaTypeForMessage(MappingJackson2MessageConverter.java:460)
	at org.springframework.jms.support.converter.MappingJackson2MessageConverter.fromMessage(MappingJackson2MessageConverter.java:241)
	at org.springframework.jms.listener.adapter.AbstractAdaptableMessageListener.extractMessage(AbstractAdaptableMessageListener.java:250)
	at org.springframework.jms.listener.adapter.AbstractAdaptableMessageListener$MessagingMessageConverterAdapter.extractPayload(AbstractAdaptableMessageListener.java:472)
	at org.springframework.jms.listener.adapter.AbstractAdaptableMessageListener$MessagingMessageConverterAdapter$LazyResolutionMessage.unwrapPayload(AbstractAdaptableMessageListener.java:539)
	at org.springframework.jms.listener.adapter.AbstractAdaptableMessageListener$MessagingMessageConverterAdapter$LazyResolutionMessage.getPayload(AbstractAdaptableMessageListener.java:521)
	at org.springframework.messaging.handler.annotation.support.PayloadMethodArgumentResolver.resolveArgument(PayloadMethodArgumentResolver.java:122)
	at org.springframework.messaging.handler.invocation.HandlerMethodArgumentResolverComposite.resolveArgument(HandlerMethodArgumentResolverComposite.java:118)
	at org.springframework.messaging.handler.invocation.InvocableHandlerMethod.getMethodArgumentValues(InvocableHandlerMethod.java:147)
	at org.springframework.messaging.handler.invocation.InvocableHandlerMethod.invoke(InvocableHandlerMethod.java:115)
	at org.springframework.jms.listener.adapter.MessagingMessageListenerAdapter.invokeHandler(MessagingMessageListenerAdapter.java:110)
	... 10 common frames omitted
2024-09-30 09:12:44,651 WARN o.s.j.l.AbstractMessageListenerContainer [org.springframework.jms.JmsListenerEndpointContainer#0-1] Execution of JMS message listener failed, and no ErrorHandler has been set.
org.springframework.jms.listener.adapter.ListenerExecutionFailedException: Listener method 'public void com.example.jms.MikeMessageConsumer.processMessage(java.lang.String)' threw exception
	at org.springframework.jms.listener.adapter.MessagingMessageListenerAdapter.invokeHandler(MessagingMessageListenerAdapter.java:118)
	at org.springframework.jms.listener.adapter.MessagingMessageListenerAdapter.onMessage(MessagingMessageListenerAdapter.java:84)
	at org.springframework.jms.listener.AbstractMessageListenerContainer.doInvokeListener(AbstractMessageListenerContainer.java:787)
	at org.springframework.jms.listener.AbstractMessageListenerContainer.invokeListener(AbstractMessageListenerContainer.java:742)
	at org.springframework.jms.listener.AbstractMessageListenerContainer.doExecuteListener(AbstractMessageListenerContainer.java:720)
	at org.springframework.jms.listener.AbstractPollingMessageListenerContainer.doReceiveAndExecute(AbstractPollingMessageListenerContainer.java:333)
	at org.springframework.jms.listener.AbstractPollingMessageListenerContainer.receiveAndExecute(AbstractPollingMessageListenerContainer.java:270)
	at org.springframework.jms.listener.DefaultMessageListenerContainer$AsyncMessageListenerInvoker.invokeListener(DefaultMessageListenerContainer.java:1257)
	at org.springframework.jms.listener.DefaultMessageListenerContainer$AsyncMessageListenerInvoker.executeOngoingLoop(DefaultMessageListenerContainer.java:1247)
	at org.springframework.jms.listener.DefaultMessageListenerContainer$AsyncMessageListenerInvoker.run(DefaultMessageListenerContainer.java:1140)
	at java.base/java.lang.Thread.run(Thread.java:1583)
Caused by: org.springframework.jms.support.converter.MessageConversionException: Could not find type id property [_type] on message [ID:ceb4a22c8c09-45127-1727683851098-4:1:1:1:1] from destination [queue://store]
	at org.springframework.jms.support.converter.MappingJackson2MessageConverter.getJavaTypeForMessage(MappingJackson2MessageConverter.java:460)
	at org.springframework.jms.support.converter.MappingJackson2MessageConverter.fromMessage(MappingJackson2MessageConverter.java:241)
	at org.springframework.jms.listener.adapter.AbstractAdaptableMessageListener.extractMessage(AbstractAdaptableMessageListener.java:250)
	at org.springframework.jms.listener.adapter.AbstractAdaptableMessageListener$MessagingMessageConverterAdapter.extractPayload(AbstractAdaptableMessageListener.java:472)
	at org.springframework.jms.listener.adapter.AbstractAdaptableMessageListener$MessagingMessageConverterAdapter$LazyResolutionMessage.unwrapPayload(AbstractAdaptableMessageListener.java:539)
	at org.springframework.jms.listener.adapter.AbstractAdaptableMessageListener$MessagingMessageConverterAdapter$LazyResolutionMessage.getPayload(AbstractAdaptableMessageListener.java:521)
	at org.springframework.messaging.handler.annotation.support.PayloadMethodArgumentResolver.resolveArgument(PayloadMethodArgumentResolver.java:122)
	at org.springframework.messaging.handler.invocation.HandlerMethodArgumentResolverComposite.resolveArgument(HandlerMethodArgumentResolverComposite.java:118)
	at org.springframework.messaging.handler.invocation.InvocableHandlerMethod.getMethodArgumentValues(InvocableHandlerMethod.java:147)
	at org.springframework.messaging.handler.invocation.InvocableHandlerMethod.invoke(InvocableHandlerMethod.java:115)
	at org.springframework.jms.listener.adapter.MessagingMessageListenerAdapter.invokeHandler(MessagingMessageListenerAdapter.java:110)
	... 10 common frames omitted
2024-09-30 09:12:45,685 WARN o.s.j.l.AbstractMessageListenerContainer [org.springframework.jms.JmsListenerEndpointContainer#0-1] Execution of JMS message listener failed, and no ErrorHandler has been set.
org.springframework.jms.listener.adapter.ListenerExecutionFailedException: Listener method 'public void com.example.jms.MikeMessageConsumer.processMessage(java.lang.String)' threw exception
	at org.springframework.jms.listener.adapter.MessagingMessageListenerAdapter.invokeHandler(MessagingMessageListenerAdapter.java:118)
	at org.springframework.jms.listener.adapter.MessagingMessageListenerAdapter.onMessage(MessagingMessageListenerAdapter.java:84)
	at org.springframework.jms.listener.AbstractMessageListenerContainer.doInvokeListener(AbstractMessageListenerContainer.java:787)
	at org.springframework.jms.listener.AbstractMessageListenerContainer.invokeListener(AbstractMessageListenerContainer.java:742)
	at org.springframework.jms.listener.AbstractMessageListenerContainer.doExecuteListener(AbstractMessageListenerContainer.java:720)
	at org.springframework.jms.listener.AbstractPollingMessageListenerContainer.doReceiveAndExecute(AbstractPollingMessageListenerContainer.java:333)
	at org.springframework.jms.listener.AbstractPollingMessageListenerContainer.receiveAndExecute(AbstractPollingMessageListenerContainer.java:270)
	at org.springframework.jms.listener.DefaultMessageListenerContainer$AsyncMessageListenerInvoker.invokeListener(DefaultMessageListenerContainer.java:1257)
	at org.springframework.jms.listener.DefaultMessageListenerContainer$AsyncMessageListenerInvoker.executeOngoingLoop(DefaultMessageListenerContainer.java:1247)
	at org.springframework.jms.listener.DefaultMessageListenerContainer$AsyncMessageListenerInvoker.run(DefaultMessageListenerContainer.java:1140)
	at java.base/java.lang.Thread.run(Thread.java:1583)
Caused by: org.springframework.jms.support.converter.MessageConversionException: Could not find type id property [_type] on message [ID:ceb4a22c8c09-45127-1727683851098-4:1:1:1:1] from destination [queue://store]
	at org.springframework.jms.support.converter.MappingJackson2MessageConverter.getJavaTypeForMessage(MappingJackson2MessageConverter.java:460)
	at org.springframework.jms.support.converter.MappingJackson2MessageConverter.fromMessage(MappingJackson2MessageConverter.java:241)
	at org.springframework.jms.listener.adapter.AbstractAdaptableMessageListener.extractMessage(AbstractAdaptableMessageListener.java:250)
	at org.springframework.jms.listener.adapter.AbstractAdaptableMessageListener$MessagingMessageConverterAdapter.extractPayload(AbstractAdaptableMessageListener.java:472)
	at org.springframework.jms.listener.adapter.AbstractAdaptableMessageListener$MessagingMessageConverterAdapter$LazyResolutionMessage.unwrapPayload(AbstractAdaptableMessageListener.java:539)
	at org.springframework.jms.listener.adapter.AbstractAdaptableMessageListener$MessagingMessageConverterAdapter$LazyResolutionMessage.getPayload(AbstractAdaptableMessageListener.java:521)
	at org.springframework.messaging.handler.annotation.support.PayloadMethodArgumentResolver.resolveArgument(PayloadMethodArgumentResolver.java:122)
	at org.springframework.messaging.handler.invocation.HandlerMethodArgumentResolverComposite.resolveArgument(HandlerMethodArgumentResolverComposite.java:118)
	at org.springframework.messaging.handler.invocation.InvocableHandlerMethod.getMethodArgumentValues(InvocableHandlerMethod.java:147)
	at org.springframework.messaging.handler.invocation.InvocableHandlerMethod.invoke(InvocableHandlerMethod.java:115)
	at org.springframework.jms.listener.adapter.MessagingMessageListenerAdapter.invokeHandler(MessagingMessageListenerAdapter.java:110)
	... 10 common frames omitted
2024-09-30 09:12:46,713 WARN o.s.j.l.AbstractMessageListenerContainer [org.springframework.jms.JmsListenerEndpointContainer#0-1] Execution of JMS message listener failed, and no ErrorHandler has been set.
org.springframework.jms.listener.adapter.ListenerExecutionFailedException: Listener method 'public void com.example.jms.MikeMessageConsumer.processMessage(java.lang.String)' threw exception
	at org.springframework.jms.listener.adapter.MessagingMessageListenerAdapter.invokeHandler(MessagingMessageListenerAdapter.java:118)
	at org.springframework.jms.listener.adapter.MessagingMessageListenerAdapter.onMessage(MessagingMessageListenerAdapter.java:84)
	at org.springframework.jms.listener.AbstractMessageListenerContainer.doInvokeListener(AbstractMessageListenerContainer.java:787)
	at org.springframework.jms.listener.AbstractMessageListenerContainer.invokeListener(AbstractMessageListenerContainer.java:742)
	at org.springframework.jms.listener.AbstractMessageListenerContainer.doExecuteListener(AbstractMessageListenerContainer.java:720)
	at org.springframework.jms.listener.AbstractPollingMessageListenerContainer.doReceiveAndExecute(AbstractPollingMessageListenerContainer.java:333)
	at org.springframework.jms.listener.AbstractPollingMessageListenerContainer.receiveAndExecute(AbstractPollingMessageListenerContainer.java:270)
	at org.springframework.jms.listener.DefaultMessageListenerContainer$AsyncMessageListenerInvoker.invokeListener(DefaultMessageListenerContainer.java:1257)
	at org.springframework.jms.listener.DefaultMessageListenerContainer$AsyncMessageListenerInvoker.executeOngoingLoop(DefaultMessageListenerContainer.java:1247)
	at org.springframework.jms.listener.DefaultMessageListenerContainer$AsyncMessageListenerInvoker.run(DefaultMessageListenerContainer.java:1140)
	at java.base/java.lang.Thread.run(Thread.java:1583)
Caused by: org.springframework.jms.support.converter.MessageConversionException: Could not find type id property [_type] on message [ID:ceb4a22c8c09-45127-1727683851098-4:1:1:1:1] from destination [queue://store]
	at org.springframework.jms.support.converter.MappingJackson2MessageConverter.getJavaTypeForMessage(MappingJackson2MessageConverter.java:460)
	at org.springframework.jms.support.converter.MappingJackson2MessageConverter.fromMessage(MappingJackson2MessageConverter.java:241)
	at org.springframework.jms.listener.adapter.AbstractAdaptableMessageListener.extractMessage(AbstractAdaptableMessageListener.java:250)
	at org.springframework.jms.listener.adapter.AbstractAdaptableMessageListener$MessagingMessageConverterAdapter.extractPayload(AbstractAdaptableMessageListener.java:472)
	at org.springframework.jms.listener.adapter.AbstractAdaptableMessageListener$MessagingMessageConverterAdapter$LazyResolutionMessage.unwrapPayload(AbstractAdaptableMessageListener.java:539)
	at org.springframework.jms.listener.adapter.AbstractAdaptableMessageListener$MessagingMessageConverterAdapter$LazyResolutionMessage.getPayload(AbstractAdaptableMessageListener.java:521)
	at org.springframework.messaging.handler.annotation.support.PayloadMethodArgumentResolver.resolveArgument(PayloadMethodArgumentResolver.java:122)
	at org.springframework.messaging.handler.invocation.HandlerMethodArgumentResolverComposite.resolveArgument(HandlerMethodArgumentResolverComposite.java:118)
	at org.springframework.messaging.handler.invocation.InvocableHandlerMethod.getMethodArgumentValues(InvocableHandlerMethod.java:147)
	at org.springframework.messaging.handler.invocation.InvocableHandlerMethod.invoke(InvocableHandlerMethod.java:115)
	at org.springframework.jms.listener.adapter.MessagingMessageListenerAdapter.invokeHandler(MessagingMessageListenerAdapter.java:110)
	... 10 common frames omitted
2024-09-30 09:12:47,739 WARN o.s.j.l.AbstractMessageListenerContainer [org.springframework.jms.JmsListenerEndpointContainer#0-1] Execution of JMS message listener failed, and no ErrorHandler has been set.
org.springframework.jms.listener.adapter.ListenerExecutionFailedException: Listener method 'public void com.example.jms.MikeMessageConsumer.processMessage(java.lang.String)' threw exception
	at org.springframework.jms.listener.adapter.MessagingMessageListenerAdapter.invokeHandler(MessagingMessageListenerAdapter.java:118)
	at org.springframework.jms.listener.adapter.MessagingMessageListenerAdapter.onMessage(MessagingMessageListenerAdapter.java:84)
	at org.springframework.jms.listener.AbstractMessageListenerContainer.doInvokeListener(AbstractMessageListenerContainer.java:787)
	at org.springframework.jms.listener.AbstractMessageListenerContainer.invokeListener(AbstractMessageListenerContainer.java:742)
	at org.springframework.jms.listener.AbstractMessageListenerContainer.doExecuteListener(AbstractMessageListenerContainer.java:720)
	at org.springframework.jms.listener.AbstractPollingMessageListenerContainer.doReceiveAndExecute(AbstractPollingMessageListenerContainer.java:333)
	at org.springframework.jms.listener.AbstractPollingMessageListenerContainer.receiveAndExecute(AbstractPollingMessageListenerContainer.java:270)
	at org.springframework.jms.listener.DefaultMessageListenerContainer$AsyncMessageListenerInvoker.invokeListener(DefaultMessageListenerContainer.java:1257)
	at org.springframework.jms.listener.DefaultMessageListenerContainer$AsyncMessageListenerInvoker.executeOngoingLoop(DefaultMessageListenerContainer.java:1247)
	at org.springframework.jms.listener.DefaultMessageListenerContainer$AsyncMessageListenerInvoker.run(DefaultMessageListenerContainer.java:1140)
	at java.base/java.lang.Thread.run(Thread.java:1583)
Caused by: org.springframework.jms.support.converter.MessageConversionException: Could not find type id property [_type] on message [ID:ceb4a22c8c09-45127-1727683851098-4:1:1:1:1] from destination [queue://store]
	at org.springframework.jms.support.converter.MappingJackson2MessageConverter.getJavaTypeForMessage(MappingJackson2MessageConverter.java:460)
	at org.springframework.jms.support.converter.MappingJackson2MessageConverter.fromMessage(MappingJackson2MessageConverter.java:241)
	at org.springframework.jms.listener.adapter.AbstractAdaptableMessageListener.extractMessage(AbstractAdaptableMessageListener.java:250)
	at org.springframework.jms.listener.adapter.AbstractAdaptableMessageListener$MessagingMessageConverterAdapter.extractPayload(AbstractAdaptableMessageListener.java:472)
	at org.springframework.jms.listener.adapter.AbstractAdaptableMessageListener$MessagingMessageConverterAdapter$LazyResolutionMessage.unwrapPayload(AbstractAdaptableMessageListener.java:539)
	at org.springframework.jms.listener.adapter.AbstractAdaptableMessageListener$MessagingMessageConverterAdapter$LazyResolutionMessage.getPayload(AbstractAdaptableMessageListener.java:521)
	at org.springframework.messaging.handler.annotation.support.PayloadMethodArgumentResolver.resolveArgument(PayloadMethodArgumentResolver.java:122)
	at org.springframework.messaging.handler.invocation.HandlerMethodArgumentResolverComposite.resolveArgument(HandlerMethodArgumentResolverComposite.java:118)
	at org.springframework.messaging.handler.invocation.InvocableHandlerMethod.getMethodArgumentValues(InvocableHandlerMethod.java:147)
	at org.springframework.messaging.handler.invocation.InvocableHandlerMethod.invoke(InvocableHandlerMethod.java:115)
	at org.springframework.jms.listener.adapter.MessagingMessageListenerAdapter.invokeHandler(MessagingMessageListenerAdapter.java:110)
	... 10 common frames omitted
2024-09-30 09:12:48,784 WARN o.s.j.l.AbstractMessageListenerContainer [org.springframework.jms.JmsListenerEndpointContainer#0-1] Execution of JMS message listener failed, and no ErrorHandler has been set.
org.springframework.jms.listener.adapter.ListenerExecutionFailedException: Listener method 'public void com.example.jms.MikeMessageConsumer.processMessage(java.lang.String)' threw exception
	at org.springframework.jms.listener.adapter.MessagingMessageListenerAdapter.invokeHandler(MessagingMessageListenerAdapter.java:118)
	at org.springframework.jms.listener.adapter.MessagingMessageListenerAdapter.onMessage(MessagingMessageListenerAdapter.java:84)
	at org.springframework.jms.listener.AbstractMessageListenerContainer.doInvokeListener(AbstractMessageListenerContainer.java:787)
	at org.springframework.jms.listener.AbstractMessageListenerContainer.invokeListener(AbstractMessageListenerContainer.java:742)
	at org.springframework.jms.listener.AbstractMessageListenerContainer.doExecuteListener(AbstractMessageListenerContainer.java:720)
	at org.springframework.jms.listener.AbstractPollingMessageListenerContainer.doReceiveAndExecute(AbstractPollingMessageListenerContainer.java:333)
	at org.springframework.jms.listener.AbstractPollingMessageListenerContainer.receiveAndExecute(AbstractPollingMessageListenerContainer.java:270)
	at org.springframework.jms.listener.DefaultMessageListenerContainer$AsyncMessageListenerInvoker.invokeListener(DefaultMessageListenerContainer.java:1257)
	at org.springframework.jms.listener.DefaultMessageListenerContainer$AsyncMessageListenerInvoker.executeOngoingLoop(DefaultMessageListenerContainer.java:1247)
	at org.springframework.jms.listener.DefaultMessageListenerContainer$AsyncMessageListenerInvoker.run(DefaultMessageListenerContainer.java:1140)
	at java.base/java.lang.Thread.run(Thread.java:1583)
Caused by: org.springframework.jms.support.converter.MessageConversionException: Could not find type id property [_type] on message [ID:ceb4a22c8c09-45127-1727683851098-4:1:1:1:1] from destination [queue://store]
	at org.springframework.jms.support.converter.MappingJackson2MessageConverter.getJavaTypeForMessage(MappingJackson2MessageConverter.java:460)
	at org.springframework.jms.support.converter.MappingJackson2MessageConverter.fromMessage(MappingJackson2MessageConverter.java:241)
	at org.springframework.jms.listener.adapter.AbstractAdaptableMessageListener.extractMessage(AbstractAdaptableMessageListener.java:250)
	at org.springframework.jms.listener.adapter.AbstractAdaptableMessageListener$MessagingMessageConverterAdapter.extractPayload(AbstractAdaptableMessageListener.java:472)
	at org.springframework.jms.listener.adapter.AbstractAdaptableMessageListener$MessagingMessageConverterAdapter$LazyResolutionMessage.unwrapPayload(AbstractAdaptableMessageListener.java:539)
	at org.springframework.jms.listener.adapter.AbstractAdaptableMessageListener$MessagingMessageConverterAdapter$LazyResolutionMessage.getPayload(AbstractAdaptableMessageListener.java:521)
	at org.springframework.messaging.handler.annotation.support.PayloadMethodArgumentResolver.resolveArgument(PayloadMethodArgumentResolver.java:122)
	at org.springframework.messaging.handler.invocation.HandlerMethodArgumentResolverComposite.resolveArgument(HandlerMethodArgumentResolverComposite.java:118)
	at org.springframework.messaging.handler.invocation.InvocableHandlerMethod.getMethodArgumentValues(InvocableHandlerMethod.java:147)
	at org.springframework.messaging.handler.invocation.InvocableHandlerMethod.invoke(InvocableHandlerMethod.java:115)
	at org.springframework.jms.listener.adapter.MessagingMessageListenerAdapter.invokeHandler(MessagingMessageListenerAdapter.java:110)
	... 10 common frames omitted
2024-09-30 09:13:37,370 INFO o.s.b.StartupInfoLogger [Test worker] Starting Spring21ApplicationTests using Java 21.0.4 with PID 50998 (started by mikesmith in /Users/mikesmith/code/personal/spring21)
2024-09-30 09:13:37,371 DEBUG o.s.b.StartupInfoLogger [Test worker] Running with Spring Boot v3.2.10, Spring v6.1.13
2024-09-30 09:13:37,372 INFO o.s.b.SpringApplication [Test worker] No active profile set, falling back to 1 default profile: "default"
2024-09-30 09:13:38,496 INFO o.s.b.StartupInfoLogger [Test worker] Started Spring21ApplicationTests in 1.275 seconds (process running for 1.805)
2024-09-30 09:13:43,116 INFO o.s.b.StartupInfoLogger [main] Starting Spring21Application using Java 21.0.4 with PID 51041 (/Users/mikesmith/code/personal/spring21/build/classes/java/main started by mikesmith in /Users/mikesmith/code/personal/spring21)
2024-09-30 09:13:43,117 DEBUG o.s.b.StartupInfoLogger [main] Running with Spring Boot v3.2.10, Spring v6.1.13
2024-09-30 09:13:43,117 INFO o.s.b.SpringApplication [main] No active profile set, falling back to 1 default profile: "default"
2024-09-30 09:14:00,375 INFO o.s.b.StartupInfoLogger [main] Started Spring21Application in 17.468 seconds (process running for 17.643)
2024-09-30 09:14:19,383 WARN o.s.j.l.AbstractMessageListenerContainer [org.springframework.jms.JmsListenerEndpointContainer#0-1] Execution of JMS message listener failed, and no ErrorHandler has been set.
org.springframework.jms.listener.adapter.ListenerExecutionFailedException: Listener method 'public void com.example.jms.MikeMessageConsumer.processMessage(java.lang.String)' threw exception
	at org.springframework.jms.listener.adapter.MessagingMessageListenerAdapter.invokeHandler(MessagingMessageListenerAdapter.java:118)
	at org.springframework.jms.listener.adapter.MessagingMessageListenerAdapter.onMessage(MessagingMessageListenerAdapter.java:84)
	at org.springframework.jms.listener.AbstractMessageListenerContainer.doInvokeListener(AbstractMessageListenerContainer.java:787)
	at org.springframework.jms.listener.AbstractMessageListenerContainer.invokeListener(AbstractMessageListenerContainer.java:742)
	at org.springframework.jms.listener.AbstractMessageListenerContainer.doExecuteListener(AbstractMessageListenerContainer.java:720)
	at org.springframework.jms.listener.AbstractPollingMessageListenerContainer.doReceiveAndExecute(AbstractPollingMessageListenerContainer.java:333)
	at org.springframework.jms.listener.AbstractPollingMessageListenerContainer.receiveAndExecute(AbstractPollingMessageListenerContainer.java:270)
	at org.springframework.jms.listener.DefaultMessageListenerContainer$AsyncMessageListenerInvoker.invokeListener(DefaultMessageListenerContainer.java:1257)
	at org.springframework.jms.listener.DefaultMessageListenerContainer$AsyncMessageListenerInvoker.executeOngoingLoop(DefaultMessageListenerContainer.java:1247)
	at org.springframework.jms.listener.DefaultMessageListenerContainer$AsyncMessageListenerInvoker.run(DefaultMessageListenerContainer.java:1140)
	at java.base/java.lang.Thread.run(Thread.java:1583)
Caused by: org.springframework.jms.support.converter.MessageConversionException: Could not find type id property [_mietype] on message [ID:ceb4a22c8c09-45441-1727684030503-4:1:1:1:1] from destination [queue://store]
	at org.springframework.jms.support.converter.MappingJackson2MessageConverter.getJavaTypeForMessage(MappingJackson2MessageConverter.java:460)
	at org.springframework.jms.support.converter.MappingJackson2MessageConverter.fromMessage(MappingJackson2MessageConverter.java:241)
	at org.springframework.jms.listener.adapter.AbstractAdaptableMessageListener.extractMessage(AbstractAdaptableMessageListener.java:250)
	at org.springframework.jms.listener.adapter.AbstractAdaptableMessageListener$MessagingMessageConverterAdapter.extractPayload(AbstractAdaptableMessageListener.java:472)
	at org.springframework.jms.listener.adapter.AbstractAdaptableMessageListener$MessagingMessageConverterAdapter$LazyResolutionMessage.unwrapPayload(AbstractAdaptableMessageListener.java:539)
	at org.springframework.jms.listener.adapter.AbstractAdaptableMessageListener$MessagingMessageConverterAdapter$LazyResolutionMessage.getPayload(AbstractAdaptableMessageListener.java:521)
	at org.springframework.messaging.handler.annotation.support.PayloadMethodArgumentResolver.resolveArgument(PayloadMethodArgumentResolver.java:122)
	at org.springframework.messaging.handler.invocation.HandlerMethodArgumentResolverComposite.resolveArgument(HandlerMethodArgumentResolverComposite.java:118)
	at org.springframework.messaging.handler.invocation.InvocableHandlerMethod.getMethodArgumentValues(InvocableHandlerMethod.java:147)
	at org.springframework.messaging.handler.invocation.InvocableHandlerMethod.invoke(InvocableHandlerMethod.java:115)
	at org.springframework.jms.listener.adapter.MessagingMessageListenerAdapter.invokeHandler(MessagingMessageListenerAdapter.java:110)
	... 10 common frames omitted
2024-09-30 09:14:20,399 WARN o.s.j.l.AbstractMessageListenerContainer [org.springframework.jms.JmsListenerEndpointContainer#0-1] Execution of JMS message listener failed, and no ErrorHandler has been set.
org.springframework.jms.listener.adapter.ListenerExecutionFailedException: Listener method 'public void com.example.jms.MikeMessageConsumer.processMessage(java.lang.String)' threw exception
	at org.springframework.jms.listener.adapter.MessagingMessageListenerAdapter.invokeHandler(MessagingMessageListenerAdapter.java:118)
	at org.springframework.jms.listener.adapter.MessagingMessageListenerAdapter.onMessage(MessagingMessageListenerAdapter.java:84)
	at org.springframework.jms.listener.AbstractMessageListenerContainer.doInvokeListener(AbstractMessageListenerContainer.java:787)
	at org.springframework.jms.listener.AbstractMessageListenerContainer.invokeListener(AbstractMessageListenerContainer.java:742)
	at org.springframework.jms.listener.AbstractMessageListenerContainer.doExecuteListener(AbstractMessageListenerContainer.java:720)
	at org.springframework.jms.listener.AbstractPollingMessageListenerContainer.doReceiveAndExecute(AbstractPollingMessageListenerContainer.java:333)
	at org.springframework.jms.listener.AbstractPollingMessageListenerContainer.receiveAndExecute(AbstractPollingMessageListenerContainer.java:270)
	at org.springframework.jms.listener.DefaultMessageListenerContainer$AsyncMessageListenerInvoker.invokeListener(DefaultMessageListenerContainer.java:1257)
	at org.springframework.jms.listener.DefaultMessageListenerContainer$AsyncMessageListenerInvoker.executeOngoingLoop(DefaultMessageListenerContainer.java:1247)
	at org.springframework.jms.listener.DefaultMessageListenerContainer$AsyncMessageListenerInvoker.run(DefaultMessageListenerContainer.java:1140)
	at java.base/java.lang.Thread.run(Thread.java:1583)
Caused by: org.springframework.jms.support.converter.MessageConversionException: Could not find type id property [_mietype] on message [ID:ceb4a22c8c09-45441-1727684030503-4:1:1:1:1] from destination [queue://store]
	at org.springframework.jms.support.converter.MappingJackson2MessageConverter.getJavaTypeForMessage(MappingJackson2MessageConverter.java:460)
	at org.springframework.jms.support.converter.MappingJackson2MessageConverter.fromMessage(MappingJackson2MessageConverter.java:241)
	at org.springframework.jms.listener.adapter.AbstractAdaptableMessageListener.extractMessage(AbstractAdaptableMessageListener.java:250)
	at org.springframework.jms.listener.adapter.AbstractAdaptableMessageListener$MessagingMessageConverterAdapter.extractPayload(AbstractAdaptableMessageListener.java:472)
	at org.springframework.jms.listener.adapter.AbstractAdaptableMessageListener$MessagingMessageConverterAdapter$LazyResolutionMessage.unwrapPayload(AbstractAdaptableMessageListener.java:539)
	at org.springframework.jms.listener.adapter.AbstractAdaptableMessageListener$MessagingMessageConverterAdapter$LazyResolutionMessage.getPayload(AbstractAdaptableMessageListener.java:521)
	at org.springframework.messaging.handler.annotation.support.PayloadMethodArgumentResolver.resolveArgument(PayloadMethodArgumentResolver.java:122)
	at org.springframework.messaging.handler.invocation.HandlerMethodArgumentResolverComposite.resolveArgument(HandlerMethodArgumentResolverComposite.java:118)
	at org.springframework.messaging.handler.invocation.InvocableHandlerMethod.getMethodArgumentValues(InvocableHandlerMethod.java:147)
	at org.springframework.messaging.handler.invocation.InvocableHandlerMethod.invoke(InvocableHandlerMethod.java:115)
	at org.springframework.jms.listener.adapter.MessagingMessageListenerAdapter.invokeHandler(MessagingMessageListenerAdapter.java:110)
	... 10 common frames omitted
2024-09-30 09:14:21,431 WARN o.s.j.l.AbstractMessageListenerContainer [org.springframework.jms.JmsListenerEndpointContainer#0-1] Execution of JMS message listener failed, and no ErrorHandler has been set.
org.springframework.jms.listener.adapter.ListenerExecutionFailedException: Listener method 'public void com.example.jms.MikeMessageConsumer.processMessage(java.lang.String)' threw exception
	at org.springframework.jms.listener.adapter.MessagingMessageListenerAdapter.invokeHandler(MessagingMessageListenerAdapter.java:118)
	at org.springframework.jms.listener.adapter.MessagingMessageListenerAdapter.onMessage(MessagingMessageListenerAdapter.java:84)
	at org.springframework.jms.listener.AbstractMessageListenerContainer.doInvokeListener(AbstractMessageListenerContainer.java:787)
	at org.springframework.jms.listener.AbstractMessageListenerContainer.invokeListener(AbstractMessageListenerContainer.java:742)
	at org.springframework.jms.listener.AbstractMessageListenerContainer.doExecuteListener(AbstractMessageListenerContainer.java:720)
	at org.springframework.jms.listener.AbstractPollingMessageListenerContainer.doReceiveAndExecute(AbstractPollingMessageListenerContainer.java:333)
	at org.springframework.jms.listener.AbstractPollingMessageListenerContainer.receiveAndExecute(AbstractPollingMessageListenerContainer.java:270)
	at org.springframework.jms.listener.DefaultMessageListenerContainer$AsyncMessageListenerInvoker.invokeListener(DefaultMessageListenerContainer.java:1257)
	at org.springframework.jms.listener.DefaultMessageListenerContainer$AsyncMessageListenerInvoker.executeOngoingLoop(DefaultMessageListenerContainer.java:1247)
	at org.springframework.jms.listener.DefaultMessageListenerContainer$AsyncMessageListenerInvoker.run(DefaultMessageListenerContainer.java:1140)
	at java.base/java.lang.Thread.run(Thread.java:1583)
Caused by: org.springframework.jms.support.converter.MessageConversionException: Could not find type id property [_mietype] on message [ID:ceb4a22c8c09-45441-1727684030503-4:1:1:1:1] from destination [queue://store]
	at org.springframework.jms.support.converter.MappingJackson2MessageConverter.getJavaTypeForMessage(MappingJackson2MessageConverter.java:460)
	at org.springframework.jms.support.converter.MappingJackson2MessageConverter.fromMessage(MappingJackson2MessageConverter.java:241)
	at org.springframework.jms.listener.adapter.AbstractAdaptableMessageListener.extractMessage(AbstractAdaptableMessageListener.java:250)
	at org.springframework.jms.listener.adapter.AbstractAdaptableMessageListener$MessagingMessageConverterAdapter.extractPayload(AbstractAdaptableMessageListener.java:472)
	at org.springframework.jms.listener.adapter.AbstractAdaptableMessageListener$MessagingMessageConverterAdapter$LazyResolutionMessage.unwrapPayload(AbstractAdaptableMessageListener.java:539)
	at org.springframework.jms.listener.adapter.AbstractAdaptableMessageListener$MessagingMessageConverterAdapter$LazyResolutionMessage.getPayload(AbstractAdaptableMessageListener.java:521)
	at org.springframework.messaging.handler.annotation.support.PayloadMethodArgumentResolver.resolveArgument(PayloadMethodArgumentResolver.java:122)
	at org.springframework.messaging.handler.invocation.HandlerMethodArgumentResolverComposite.resolveArgument(HandlerMethodArgumentResolverComposite.java:118)
	at org.springframework.messaging.handler.invocation.InvocableHandlerMethod.getMethodArgumentValues(InvocableHandlerMethod.java:147)
	at org.springframework.messaging.handler.invocation.InvocableHandlerMethod.invoke(InvocableHandlerMethod.java:115)
	at org.springframework.jms.listener.adapter.MessagingMessageListenerAdapter.invokeHandler(MessagingMessageListenerAdapter.java:110)
	... 10 common frames omitted
2024-09-30 09:14:22,456 WARN o.s.j.l.AbstractMessageListenerContainer [org.springframework.jms.JmsListenerEndpointContainer#0-1] Execution of JMS message listener failed, and no ErrorHandler has been set.
org.springframework.jms.listener.adapter.ListenerExecutionFailedException: Listener method 'public void com.example.jms.MikeMessageConsumer.processMessage(java.lang.String)' threw exception
	at org.springframework.jms.listener.adapter.MessagingMessageListenerAdapter.invokeHandler(MessagingMessageListenerAdapter.java:118)
	at org.springframework.jms.listener.adapter.MessagingMessageListenerAdapter.onMessage(MessagingMessageListenerAdapter.java:84)
	at org.springframework.jms.listener.AbstractMessageListenerContainer.doInvokeListener(AbstractMessageListenerContainer.java:787)
	at org.springframework.jms.listener.AbstractMessageListenerContainer.invokeListener(AbstractMessageListenerContainer.java:742)
	at org.springframework.jms.listener.AbstractMessageListenerContainer.doExecuteListener(AbstractMessageListenerContainer.java:720)
	at org.springframework.jms.listener.AbstractPollingMessageListenerContainer.doReceiveAndExecute(AbstractPollingMessageListenerContainer.java:333)
	at org.springframework.jms.listener.AbstractPollingMessageListenerContainer.receiveAndExecute(AbstractPollingMessageListenerContainer.java:270)
	at org.springframework.jms.listener.DefaultMessageListenerContainer$AsyncMessageListenerInvoker.invokeListener(DefaultMessageListenerContainer.java:1257)
	at org.springframework.jms.listener.DefaultMessageListenerContainer$AsyncMessageListenerInvoker.executeOngoingLoop(DefaultMessageListenerContainer.java:1247)
	at org.springframework.jms.listener.DefaultMessageListenerContainer$AsyncMessageListenerInvoker.run(DefaultMessageListenerContainer.java:1140)
	at java.base/java.lang.Thread.run(Thread.java:1583)
Caused by: org.springframework.jms.support.converter.MessageConversionException: Could not find type id property [_mietype] on message [ID:ceb4a22c8c09-45441-1727684030503-4:1:1:1:1] from destination [queue://store]
	at org.springframework.jms.support.converter.MappingJackson2MessageConverter.getJavaTypeForMessage(MappingJackson2MessageConverter.java:460)
	at org.springframework.jms.support.converter.MappingJackson2MessageConverter.fromMessage(MappingJackson2MessageConverter.java:241)
	at org.springframework.jms.listener.adapter.AbstractAdaptableMessageListener.extractMessage(AbstractAdaptableMessageListener.java:250)
	at org.springframework.jms.listener.adapter.AbstractAdaptableMessageListener$MessagingMessageConverterAdapter.extractPayload(AbstractAdaptableMessageListener.java:472)
	at org.springframework.jms.listener.adapter.AbstractAdaptableMessageListener$MessagingMessageConverterAdapter$LazyResolutionMessage.unwrapPayload(AbstractAdaptableMessageListener.java:539)
	at org.springframework.jms.listener.adapter.AbstractAdaptableMessageListener$MessagingMessageConverterAdapter$LazyResolutionMessage.getPayload(AbstractAdaptableMessageListener.java:521)
	at org.springframework.messaging.handler.annotation.support.PayloadMethodArgumentResolver.resolveArgument(PayloadMethodArgumentResolver.java:122)
	at org.springframework.messaging.handler.invocation.HandlerMethodArgumentResolverComposite.resolveArgument(HandlerMethodArgumentResolverComposite.java:118)
	at org.springframework.messaging.handler.invocation.InvocableHandlerMethod.getMethodArgumentValues(InvocableHandlerMethod.java:147)
	at org.springframework.messaging.handler.invocation.InvocableHandlerMethod.invoke(InvocableHandlerMethod.java:115)
	at org.springframework.jms.listener.adapter.MessagingMessageListenerAdapter.invokeHandler(MessagingMessageListenerAdapter.java:110)
	... 10 common frames omitted
2024-09-30 09:14:23,479 WARN o.s.j.l.AbstractMessageListenerContainer [org.springframework.jms.JmsListenerEndpointContainer#0-1] Execution of JMS message listener failed, and no ErrorHandler has been set.
org.springframework.jms.listener.adapter.ListenerExecutionFailedException: Listener method 'public void com.example.jms.MikeMessageConsumer.processMessage(java.lang.String)' threw exception
	at org.springframework.jms.listener.adapter.MessagingMessageListenerAdapter.invokeHandler(MessagingMessageListenerAdapter.java:118)
	at org.springframework.jms.listener.adapter.MessagingMessageListenerAdapter.onMessage(MessagingMessageListenerAdapter.java:84)
	at org.springframework.jms.listener.AbstractMessageListenerContainer.doInvokeListener(AbstractMessageListenerContainer.java:787)
	at org.springframework.jms.listener.AbstractMessageListenerContainer.invokeListener(AbstractMessageListenerContainer.java:742)
	at org.springframework.jms.listener.AbstractMessageListenerContainer.doExecuteListener(AbstractMessageListenerContainer.java:720)
	at org.springframework.jms.listener.AbstractPollingMessageListenerContainer.doReceiveAndExecute(AbstractPollingMessageListenerContainer.java:333)
	at org.springframework.jms.listener.AbstractPollingMessageListenerContainer.receiveAndExecute(AbstractPollingMessageListenerContainer.java:270)
	at org.springframework.jms.listener.DefaultMessageListenerContainer$AsyncMessageListenerInvoker.invokeListener(DefaultMessageListenerContainer.java:1257)
	at org.springframework.jms.listener.DefaultMessageListenerContainer$AsyncMessageListenerInvoker.executeOngoingLoop(DefaultMessageListenerContainer.java:1247)
	at org.springframework.jms.listener.DefaultMessageListenerContainer$AsyncMessageListenerInvoker.run(DefaultMessageListenerContainer.java:1140)
	at java.base/java.lang.Thread.run(Thread.java:1583)
Caused by: org.springframework.jms.support.converter.MessageConversionException: Could not find type id property [_mietype] on message [ID:ceb4a22c8c09-45441-1727684030503-4:1:1:1:1] from destination [queue://store]
	at org.springframework.jms.support.converter.MappingJackson2MessageConverter.getJavaTypeForMessage(MappingJackson2MessageConverter.java:460)
	at org.springframework.jms.support.converter.MappingJackson2MessageConverter.fromMessage(MappingJackson2MessageConverter.java:241)
	at org.springframework.jms.listener.adapter.AbstractAdaptableMessageListener.extractMessage(AbstractAdaptableMessageListener.java:250)
	at org.springframework.jms.listener.adapter.AbstractAdaptableMessageListener$MessagingMessageConverterAdapter.extractPayload(AbstractAdaptableMessageListener.java:472)
	at org.springframework.jms.listener.adapter.AbstractAdaptableMessageListener$MessagingMessageConverterAdapter$LazyResolutionMessage.unwrapPayload(AbstractAdaptableMessageListener.java:539)
	at org.springframework.jms.listener.adapter.AbstractAdaptableMessageListener$MessagingMessageConverterAdapter$LazyResolutionMessage.getPayload(AbstractAdaptableMessageListener.java:521)
	at org.springframework.messaging.handler.annotation.support.PayloadMethodArgumentResolver.resolveArgument(PayloadMethodArgumentResolver.java:122)
	at org.springframework.messaging.handler.invocation.HandlerMethodArgumentResolverComposite.resolveArgument(HandlerMethodArgumentResolverComposite.java:118)
	at org.springframework.messaging.handler.invocation.InvocableHandlerMethod.getMethodArgumentValues(InvocableHandlerMethod.java:147)
	at org.springframework.messaging.handler.invocation.InvocableHandlerMethod.invoke(InvocableHandlerMethod.java:115)
	at org.springframework.jms.listener.adapter.MessagingMessageListenerAdapter.invokeHandler(MessagingMessageListenerAdapter.java:110)
	... 10 common frames omitted
2024-09-30 09:14:24,496 WARN o.s.j.l.AbstractMessageListenerContainer [org.springframework.jms.JmsListenerEndpointContainer#0-1] Execution of JMS message listener failed, and no ErrorHandler has been set.
org.springframework.jms.listener.adapter.ListenerExecutionFailedException: Listener method 'public void com.example.jms.MikeMessageConsumer.processMessage(java.lang.String)' threw exception
	at org.springframework.jms.listener.adapter.MessagingMessageListenerAdapter.invokeHandler(MessagingMessageListenerAdapter.java:118)
	at org.springframework.jms.listener.adapter.MessagingMessageListenerAdapter.onMessage(MessagingMessageListenerAdapter.java:84)
	at org.springframework.jms.listener.AbstractMessageListenerContainer.doInvokeListener(AbstractMessageListenerContainer.java:787)
	at org.springframework.jms.listener.AbstractMessageListenerContainer.invokeListener(AbstractMessageListenerContainer.java:742)
	at org.springframework.jms.listener.AbstractMessageListenerContainer.doExecuteListener(AbstractMessageListenerContainer.java:720)
	at org.springframework.jms.listener.AbstractPollingMessageListenerContainer.doReceiveAndExecute(AbstractPollingMessageListenerContainer.java:333)
	at org.springframework.jms.listener.AbstractPollingMessageListenerContainer.receiveAndExecute(AbstractPollingMessageListenerContainer.java:270)
	at org.springframework.jms.listener.DefaultMessageListenerContainer$AsyncMessageListenerInvoker.invokeListener(DefaultMessageListenerContainer.java:1257)
	at org.springframework.jms.listener.DefaultMessageListenerContainer$AsyncMessageListenerInvoker.executeOngoingLoop(DefaultMessageListenerContainer.java:1247)
	at org.springframework.jms.listener.DefaultMessageListenerContainer$AsyncMessageListenerInvoker.run(DefaultMessageListenerContainer.java:1140)
	at java.base/java.lang.Thread.run(Thread.java:1583)
Caused by: org.springframework.jms.support.converter.MessageConversionException: Could not find type id property [_mietype] on message [ID:ceb4a22c8c09-45441-1727684030503-4:1:1:1:1] from destination [queue://store]
	at org.springframework.jms.support.converter.MappingJackson2MessageConverter.getJavaTypeForMessage(MappingJackson2MessageConverter.java:460)
	at org.springframework.jms.support.converter.MappingJackson2MessageConverter.fromMessage(MappingJackson2MessageConverter.java:241)
	at org.springframework.jms.listener.adapter.AbstractAdaptableMessageListener.extractMessage(AbstractAdaptableMessageListener.java:250)
	at org.springframework.jms.listener.adapter.AbstractAdaptableMessageListener$MessagingMessageConverterAdapter.extractPayload(AbstractAdaptableMessageListener.java:472)
	at org.springframework.jms.listener.adapter.AbstractAdaptableMessageListener$MessagingMessageConverterAdapter$LazyResolutionMessage.unwrapPayload(AbstractAdaptableMessageListener.java:539)
	at org.springframework.jms.listener.adapter.AbstractAdaptableMessageListener$MessagingMessageConverterAdapter$LazyResolutionMessage.getPayload(AbstractAdaptableMessageListener.java:521)
	at org.springframework.messaging.handler.annotation.support.PayloadMethodArgumentResolver.resolveArgument(PayloadMethodArgumentResolver.java:122)
	at org.springframework.messaging.handler.invocation.HandlerMethodArgumentResolverComposite.resolveArgument(HandlerMethodArgumentResolverComposite.java:118)
	at org.springframework.messaging.handler.invocation.InvocableHandlerMethod.getMethodArgumentValues(InvocableHandlerMethod.java:147)
	at org.springframework.messaging.handler.invocation.InvocableHandlerMethod.invoke(InvocableHandlerMethod.java:115)
	at org.springframework.jms.listener.adapter.MessagingMessageListenerAdapter.invokeHandler(MessagingMessageListenerAdapter.java:110)
	... 10 common frames omitted
2024-09-30 09:14:25,528 WARN o.s.j.l.AbstractMessageListenerContainer [org.springframework.jms.JmsListenerEndpointContainer#0-1] Execution of JMS message listener failed, and no ErrorHandler has been set.
org.springframework.jms.listener.adapter.ListenerExecutionFailedException: Listener method 'public void com.example.jms.MikeMessageConsumer.processMessage(java.lang.String)' threw exception
	at org.springframework.jms.listener.adapter.MessagingMessageListenerAdapter.invokeHandler(MessagingMessageListenerAdapter.java:118)
	at org.springframework.jms.listener.adapter.MessagingMessageListenerAdapter.onMessage(MessagingMessageListenerAdapter.java:84)
	at org.springframework.jms.listener.AbstractMessageListenerContainer.doInvokeListener(AbstractMessageListenerContainer.java:787)
	at org.springframework.jms.listener.AbstractMessageListenerContainer.invokeListener(AbstractMessageListenerContainer.java:742)
	at org.springframework.jms.listener.AbstractMessageListenerContainer.doExecuteListener(AbstractMessageListenerContainer.java:720)
	at org.springframework.jms.listener.AbstractPollingMessageListenerContainer.doReceiveAndExecute(AbstractPollingMessageListenerContainer.java:333)
	at org.springframework.jms.listener.AbstractPollingMessageListenerContainer.receiveAndExecute(AbstractPollingMessageListenerContainer.java:270)
	at org.springframework.jms.listener.DefaultMessageListenerContainer$AsyncMessageListenerInvoker.invokeListener(DefaultMessageListenerContainer.java:1257)
	at org.springframework.jms.listener.DefaultMessageListenerContainer$AsyncMessageListenerInvoker.executeOngoingLoop(DefaultMessageListenerContainer.java:1247)
	at org.springframework.jms.listener.DefaultMessageListenerContainer$AsyncMessageListenerInvoker.run(DefaultMessageListenerContainer.java:1140)
	at java.base/java.lang.Thread.run(Thread.java:1583)
Caused by: org.springframework.jms.support.converter.MessageConversionException: Could not find type id property [_mietype] on message [ID:ceb4a22c8c09-45441-1727684030503-4:1:1:1:1] from destination [queue://store]
	at org.springframework.jms.support.converter.MappingJackson2MessageConverter.getJavaTypeForMessage(MappingJackson2MessageConverter.java:460)
	at org.springframework.jms.support.converter.MappingJackson2MessageConverter.fromMessage(MappingJackson2MessageConverter.java:241)
	at org.springframework.jms.listener.adapter.AbstractAdaptableMessageListener.extractMessage(AbstractAdaptableMessageListener.java:250)
	at org.springframework.jms.listener.adapter.AbstractAdaptableMessageListener$MessagingMessageConverterAdapter.extractPayload(AbstractAdaptableMessageListener.java:472)
	at org.springframework.jms.listener.adapter.AbstractAdaptableMessageListener$MessagingMessageConverterAdapter$LazyResolutionMessage.unwrapPayload(AbstractAdaptableMessageListener.java:539)
	at org.springframework.jms.listener.adapter.AbstractAdaptableMessageListener$MessagingMessageConverterAdapter$LazyResolutionMessage.getPayload(AbstractAdaptableMessageListener.java:521)
	at org.springframework.messaging.handler.annotation.support.PayloadMethodArgumentResolver.resolveArgument(PayloadMethodArgumentResolver.java:122)
	at org.springframework.messaging.handler.invocation.HandlerMethodArgumentResolverComposite.resolveArgument(HandlerMethodArgumentResolverComposite.java:118)
	at org.springframework.messaging.handler.invocation.InvocableHandlerMethod.getMethodArgumentValues(InvocableHandlerMethod.java:147)
	at org.springframework.messaging.handler.invocation.InvocableHandlerMethod.invoke(InvocableHandlerMethod.java:115)
	at org.springframework.jms.listener.adapter.MessagingMessageListenerAdapter.invokeHandler(MessagingMessageListenerAdapter.java:110)
	... 10 common frames omitted
2024-09-30 09:15:43,467 INFO o.s.b.StartupInfoLogger [Test worker] Starting Spring21ApplicationTests using Java 21.0.4 with PID 51127 (started by mikesmith in /Users/mikesmith/code/personal/spring21)
2024-09-30 09:15:43,468 DEBUG o.s.b.StartupInfoLogger [Test worker] Running with Spring Boot v3.2.10, Spring v6.1.13
2024-09-30 09:15:43,468 INFO o.s.b.SpringApplication [Test worker] No active profile set, falling back to 1 default profile: "default"
2024-09-30 09:15:44,584 INFO o.s.b.StartupInfoLogger [Test worker] Started Spring21ApplicationTests in 1.261 seconds (process running for 1.781)
2024-09-30 09:15:54,673 INFO o.s.b.StartupInfoLogger [main] Starting Spring21Application using Java 21.0.4 with PID 51171 (/Users/mikesmith/code/personal/spring21/build/classes/java/main started by mikesmith in /Users/mikesmith/code/personal/spring21)
2024-09-30 09:15:54,674 DEBUG o.s.b.StartupInfoLogger [main] Running with Spring Boot v3.2.10, Spring v6.1.13
2024-09-30 09:15:54,674 INFO o.s.b.SpringApplication [main] No active profile set, falling back to 1 default profile: "default"
2024-09-30 09:16:12,247 INFO o.s.b.StartupInfoLogger [main] Started Spring21Application in 17.784 seconds (process running for 17.951)
2024-09-30 09:16:31,260 INFO c.e.j.MikeMessageConsumer [org.springframework.jms.JmsListenerEndpointContainer#0-1] Consumer> : test
